[2020-03-29 21:30:18] local.DEBUG:   
[2020-03-29 21:30:19] local.DEBUG: 特にやることなし  
[2020-03-29 21:30:19] local.DEBUG: ホームへ  
[2020-03-29 21:30:21] local.DEBUG: {"id":"1","model_name":"Tw_Target_Account"}  
[2020-03-29 21:30:21] local.DEBUG: Tw_Target_Account  
[2020-03-29 21:30:21] local.DEBUG: {"id":"1","model_name":"Tw_Account"}  
[2020-03-29 21:30:21] local.DEBUG: Tw_Account  
[2020-03-29 21:30:21] local.DEBUG:  id :1  
[2020-03-29 21:30:21] local.DEBUG:  id :1  
[2020-03-29 21:30:22] local.DEBUG: {"id":"1","model_name":"Favorite_Key_Pattern"}  
[2020-03-29 21:30:22] local.DEBUG: Favorite_Key_Pattern  
[2020-03-29 21:30:22] local.DEBUG: {"id":"1","model_name":"Key_Pattern"}  
[2020-03-29 21:30:22] local.DEBUG: Key_Pattern  
[2020-03-29 21:30:22] local.DEBUG:  id :1  
[2020-03-29 21:30:22] local.DEBUG:  id :1  
[2020-03-29 21:30:23] local.DEBUG: {"id":"1","model_name":"Tw_Account"}  
[2020-03-29 21:30:23] local.DEBUG: Tw_Account  
[2020-03-29 21:30:23] local.DEBUG:  id :1  
[2020-03-29 21:30:24] local.DEBUG: {"id":"1","model_name":"Tw_Account"}  
[2020-03-29 21:30:24] local.DEBUG: Tw_Account  
[2020-03-29 21:30:24] local.DEBUG:  id :1  
[2020-03-29 21:30:24] local.DEBUG: {"id":"1","model_name":"Favorite_Key_Pattern"}  
[2020-03-29 21:30:24] local.DEBUG: Favorite_Key_Pattern  
[2020-03-29 21:30:24] local.DEBUG: {"id":"1","model_name":"Key_Pattern"}  
[2020-03-29 21:30:24] local.DEBUG: Key_Pattern  
[2020-03-29 21:30:25] local.DEBUG:  id :1  
[2020-03-29 21:30:25] local.DEBUG:  id :1  
[2020-03-29 21:40:26] local.DEBUG:   
[2020-03-29 21:40:27] local.DEBUG: 特にやることなし  
[2020-03-29 21:40:27] local.DEBUG: ホームへ  
[2020-03-29 21:40:28] local.DEBUG: {"id":"1","model_name":"Tw_Account"}  
[2020-03-29 21:40:28] local.DEBUG: Tw_Account  
[2020-03-29 21:40:28] local.DEBUG: {"id":"1","model_name":"Tw_Target_Account"}  
[2020-03-29 21:40:28] local.DEBUG: Tw_Target_Account  
[2020-03-29 21:40:28] local.DEBUG:  id :1  
[2020-03-29 21:40:29] local.DEBUG:  id :1  
[2020-03-29 21:40:29] local.DEBUG: {"id":"1","model_name":"Key_Pattern"}  
[2020-03-29 21:40:29] local.DEBUG: Key_Pattern  
[2020-03-29 21:40:29] local.DEBUG:  id :1  
[2020-03-29 21:40:29] local.DEBUG: {"id":"1","model_name":"Tw_Account"}  
[2020-03-29 21:40:29] local.DEBUG: Tw_Account  
[2020-03-29 21:40:29] local.DEBUG:  id :1  
[2020-03-29 21:40:29] local.DEBUG: {"id":"1","model_name":"Favorite_Key_Pattern"}  
[2020-03-29 21:40:29] local.DEBUG: Favorite_Key_Pattern  
[2020-03-29 21:40:29] local.DEBUG:  id :1  
[2020-03-29 21:45:34] local.DEBUG:   
[2020-03-29 21:45:34] local.DEBUG: 特にやることなし  
[2020-03-29 21:45:34] local.DEBUG: ホームへ  
[2020-03-29 21:45:36] local.DEBUG: {"id":"1","model_name":"Tw_Account"}  
[2020-03-29 21:45:36] local.DEBUG: Tw_Account  
[2020-03-29 21:45:36] local.DEBUG:  id :1  
[2020-03-29 21:45:37] local.DEBUG: {"id":"1","model_name":"Key_Pattern"}  
[2020-03-29 21:45:37] local.DEBUG: Key_Pattern  
[2020-03-29 21:45:37] local.DEBUG:  id :1  
[2020-03-29 21:45:37] local.DEBUG: {"id":"1","model_name":"Tw_Target_Account"}  
[2020-03-29 21:45:37] local.DEBUG: Tw_Target_Account  
[2020-03-29 21:45:38] local.DEBUG: {"id":"1","model_name":"Tw_Account"}  
[2020-03-29 21:45:38] local.DEBUG: Tw_Account  
[2020-03-29 21:45:38] local.DEBUG:  id :1  
[2020-03-29 21:45:38] local.DEBUG:  id :1  
[2020-03-29 21:45:38] local.DEBUG: {"id":"1","model_name":"Favorite_Key_Pattern"}  
[2020-03-29 21:45:38] local.DEBUG: Favorite_Key_Pattern  
[2020-03-29 21:45:38] local.DEBUG:  id :1  
[2020-03-29 21:49:19] local.DEBUG:   
[2020-03-29 21:49:20] local.DEBUG: 特にやることなし  
[2020-03-29 21:49:20] local.DEBUG: ホームへ  
[2020-03-29 21:49:21] local.DEBUG: {"id":"1","model_name":"Tw_Target_Account"}  
[2020-03-29 21:49:21] local.DEBUG: Tw_Target_Account  
[2020-03-29 21:49:21] local.DEBUG: {"id":"1","model_name":"Tw_Account"}  
[2020-03-29 21:49:21] local.DEBUG: Tw_Account  
[2020-03-29 21:49:21] local.DEBUG:  id :1  
[2020-03-29 21:49:21] local.DEBUG:  id :1  
[2020-03-29 21:49:22] local.DEBUG: {"id":"1","model_name":"Favorite_Key_Pattern"}  
[2020-03-29 21:49:22] local.DEBUG: Favorite_Key_Pattern  
[2020-03-29 21:49:22] local.DEBUG: {"id":"1","model_name":"Tw_Account"}  
[2020-03-29 21:49:22] local.DEBUG: Tw_Account  
[2020-03-29 21:49:23] local.DEBUG:  id :1  
[2020-03-29 21:49:23] local.DEBUG:  id :1  
[2020-03-29 21:49:23] local.DEBUG: {"id":"1","model_name":"Key_Pattern"}  
[2020-03-29 21:49:23] local.DEBUG: Key_Pattern  
[2020-03-29 21:49:24] local.DEBUG:  id :1  
[2020-03-29 21:49:51] local.DEBUG:   
[2020-03-29 21:49:51] local.DEBUG: 特にやることなし  
[2020-03-29 21:49:51] local.DEBUG: ホームへ  
[2020-03-29 21:49:53] local.DEBUG: {"id":"1","model_name":"Tw_Target_Account"}  
[2020-03-29 21:49:53] local.DEBUG: Tw_Target_Account  
[2020-03-29 21:49:53] local.DEBUG:  id :1  
[2020-03-29 21:49:54] local.DEBUG: {"id":"1","model_name":"Favorite_Key_Pattern"}  
[2020-03-29 21:49:54] local.DEBUG: Favorite_Key_Pattern  
[2020-03-29 21:49:54] local.DEBUG: {"id":"1","model_name":"Tw_Account"}  
[2020-03-29 21:49:54] local.DEBUG: Tw_Account  
[2020-03-29 21:49:54] local.DEBUG:  id :1  
[2020-03-29 21:49:54] local.DEBUG: {"id":"1","model_name":"Tw_Account"}  
[2020-03-29 21:49:54] local.DEBUG: Tw_Account  
[2020-03-29 21:49:54] local.DEBUG:  id :1  
[2020-03-29 21:49:55] local.DEBUG:  id :1  
[2020-03-29 21:49:55] local.DEBUG: {"id":"1","model_name":"Key_Pattern"}  
[2020-03-29 21:49:55] local.DEBUG: Key_Pattern  
[2020-03-29 21:49:55] local.DEBUG:  id :1  
[2020-03-29 22:39:23] local.DEBUG: []  
[2020-03-29 22:39:39] local.DEBUG: []  
[2020-03-29 22:41:43] local.DEBUG: []  
[2020-03-29 22:42:25] local.DEBUG: []  
[2020-03-29 22:44:12] local.DEBUG: []  
[2020-03-29 22:45:16] local.DEBUG:   
[2020-03-29 22:45:17] local.DEBUG: 特にやることなし  
[2020-03-29 22:45:17] local.DEBUG: ホームへ  
[2020-03-29 22:45:19] local.DEBUG: {"id":"1","model_name":"Favorite_Key_Pattern"}  
[2020-03-29 22:45:19] local.DEBUG: Favorite_Key_Pattern  
[2020-03-29 22:45:19] local.DEBUG: {"id":"1","model_name":"Key_Pattern"}  
[2020-03-29 22:45:19] local.DEBUG: Key_Pattern  
[2020-03-29 22:45:20] local.DEBUG:  id :1  
[2020-03-29 22:45:20] local.DEBUG:  id :1  
[2020-03-29 22:45:21] local.DEBUG: {"id":"1","model_name":"Tw_Account"}  
[2020-03-29 22:45:21] local.DEBUG: Tw_Account  
[2020-03-29 22:45:21] local.DEBUG:  id :1  
[2020-03-29 22:45:22] local.DEBUG: {"id":"1","model_name":"Tw_Target_Account"}  
[2020-03-29 22:45:22] local.DEBUG: Tw_Target_Account  
[2020-03-29 22:45:22] local.DEBUG: {"id":"1","model_name":"Tw_Account"}  
[2020-03-29 22:45:22] local.DEBUG: Tw_Account  
[2020-03-29 22:45:22] local.DEBUG:  id :1  
[2020-03-29 22:45:22] local.DEBUG:  id :1  
[2020-03-29 22:59:40] local.DEBUG:   
[2020-03-29 22:59:40] local.DEBUG: 特にやることなし  
[2020-03-29 22:59:40] local.DEBUG: ホームへ  
[2020-03-29 22:59:42] local.DEBUG: {"id":"1","model_name":"Tw_Target_Account"}  
[2020-03-29 22:59:42] local.DEBUG: Tw_Target_Account  
[2020-03-29 22:59:42] local.DEBUG: {"id":"1","model_name":"Tw_Account"}  
[2020-03-29 22:59:42] local.DEBUG: Tw_Account  
[2020-03-29 22:59:42] local.DEBUG:  id :1  
[2020-03-29 22:59:42] local.DEBUG:  id :1  
[2020-03-29 22:59:43] local.DEBUG: {"id":"1","model_name":"Tw_Account"}  
[2020-03-29 22:59:43] local.DEBUG: Tw_Account  
[2020-03-29 22:59:43] local.DEBUG: {"id":"1","model_name":"Key_Pattern"}  
[2020-03-29 22:59:43] local.DEBUG: Key_Pattern  
[2020-03-29 22:59:43] local.DEBUG:  id :1  
[2020-03-29 22:59:43] local.DEBUG:  id :1  
[2020-03-29 22:59:44] local.DEBUG: {"id":"1","model_name":"Favorite_Key_Pattern"}  
[2020-03-29 22:59:44] local.DEBUG: Favorite_Key_Pattern  
[2020-03-29 22:59:44] local.DEBUG:  id :1  
[2020-03-29 23:04:36] local.DEBUG:   
[2020-03-29 23:04:37] local.DEBUG: 特にやることなし  
[2020-03-29 23:04:37] local.DEBUG: ホームへ  
[2020-03-29 23:04:38] local.DEBUG: {"id":"1","model_name":"Key_Pattern"}  
[2020-03-29 23:04:38] local.DEBUG: Key_Pattern  
[2020-03-29 23:04:38] local.DEBUG: {"id":"1","model_name":"Tw_Account"}  
[2020-03-29 23:04:38] local.DEBUG: Tw_Account  
[2020-03-29 23:04:39] local.DEBUG:  id :1  
[2020-03-29 23:04:39] local.DEBUG:  id :1  
[2020-03-29 23:04:39] local.DEBUG: {"id":"1","model_name":"Tw_Target_Account"}  
[2020-03-29 23:04:39] local.DEBUG: Tw_Target_Account  
[2020-03-29 23:04:40] local.DEBUG:  id :1  
[2020-03-29 23:04:40] local.DEBUG: {"id":"1","model_name":"Tw_Account"}  
[2020-03-29 23:04:40] local.DEBUG: Tw_Account  
[2020-03-29 23:04:41] local.DEBUG:  id :1  
[2020-03-29 23:04:41] local.DEBUG: {"id":"1","model_name":"Favorite_Key_Pattern"}  
[2020-03-29 23:04:41] local.DEBUG: Favorite_Key_Pattern  
[2020-03-29 23:04:41] local.DEBUG:  id :1  
[2020-03-29 23:31:10] local.DEBUG:   
[2020-03-29 23:31:11] local.DEBUG: 特にやることなし  
[2020-03-29 23:31:11] local.DEBUG: ホームへ  
[2020-03-29 23:31:12] local.DEBUG: {"id":"1","model_name":"Tw_Account"}  
[2020-03-29 23:31:12] local.DEBUG: Tw_Account  
[2020-03-29 23:31:12] local.DEBUG: {"id":"1","model_name":"Tw_Account"}  
[2020-03-29 23:31:12] local.DEBUG: Tw_Account  
[2020-03-29 23:31:12] local.DEBUG:  id :1  
[2020-03-29 23:31:12] local.DEBUG:  id :1  
[2020-03-29 23:31:13] local.DEBUG: {"id":"1","model_name":"Favorite_Key_Pattern"}  
[2020-03-29 23:31:13] local.DEBUG: Favorite_Key_Pattern  
[2020-03-29 23:31:13] local.DEBUG: {"id":"1","model_name":"Tw_Target_Account"}  
[2020-03-29 23:31:13] local.DEBUG: Tw_Target_Account  
[2020-03-29 23:31:14] local.DEBUG:  id :1  
[2020-03-29 23:31:14] local.DEBUG:  id :1  
[2020-03-29 23:31:14] local.DEBUG: {"id":"1","model_name":"Key_Pattern"}  
[2020-03-29 23:31:14] local.DEBUG: Key_Pattern  
[2020-03-29 23:31:14] local.DEBUG:  id :1  
