「確認」
起動状態OK
制限状態OK


[2020-03-09 14:25:52] local.DEBUG: array (
  'tw_account_id' => 1,
  'domain' => 'follow',
  'pattern' => 'start',
)  
[2020-03-09 14:25:52] local.DEBUG: service FollowStart  
[2020-03-09 14:25:52] local.DEBUG: 遅延：0  
[2020-03-09 14:25:52] local.DEBUG: destruct  
[2020-03-09 14:25:52] local.DEBUG: 1  
[2020-03-09 14:25:56] local.DEBUG: roop  
[2020-03-09 14:25:56] local.DEBUG: TargetFollowerRoopJob  
[2020-03-09 14:25:56] local.DEBUG: 対象のカーソル：-1  
[2020-03-09 14:25:56] local.DEBUG: queu_id : 1  
[2020-03-09 14:25:56] local.DEBUG: ターゲットリストのカウンター : 0  
[2020-03-09 14:25:56] local.DEBUG: ターゲットアカウント名前：しゅんたろー@転職活動エンジニア  
[2020-03-09 14:25:56] local.DEBUG: https://api.twitter.com/1.1/followers/list.json  
[2020-03-09 14:25:56] local.DEBUG: リクエスト前にAPI制限・状態判定を開始します。  
[2020-03-09 14:25:56] local.DEBUG: initDailyCounter  
[2020-03-09 14:25:56] local.DEBUG:   
[2020-03-09 14:25:56] local.DEBUG: 1  
[2020-03-09 14:25:56] local.DEBUG: 2020-03-09 00:00:00  
[2020-03-09 14:25:56] local.DEBUG: 2020/03/08  
[2020-03-09 14:25:56] local.DEBUG: 1  
[2020-03-09 14:25:56] local.DEBUG: haveRestricted  
[2020-03-09 14:25:56] local.DEBUG: checkApi_counter  
[2020-03-09 14:25:56] local.DEBUG: 日付判定確認 : 1  
[2020-03-09 14:25:56] local.DEBUG: accese: 制限判定を通過しました。  
[2020-03-09 14:25:56] local.DEBUG: 1053251462803779584-eo1YvxgskM0zGCuuFT3vIimi5g99qs  
[2020-03-09 14:25:56] local.DEBUG: dzSdCCWxNogd1Zl4FB9Wi9GVh0OeTwil9XuPuYfgeuJx8  
[2020-03-09 14:25:56] local.DEBUG: {"user_id":1228110434135207936,"include_entities":false,"count":"100","skip_status":false,"cursor":"-1"}  
[2020-03-09 14:25:58] local.DEBUG: checkApi  
[2020-03-09 14:25:58] local.DEBUG: followers_list  
[2020-03-09 14:25:58] local.DEBUG: 制限状態：1  
[2020-03-09 14:25:58] local.DEBUG: 使用状態：1  
[2020-03-09 14:25:58] local.DEBUG: 使用キーワード  
[2020-03-09 14:25:58] local.DEBUG: array (
  0 => 
  (object) array(
     'opt' => 'and',
     'txt' => '中心',
  ),
)  
[2020-03-09 14:25:58] local.DEBUG: ターゲットフレンドを 3 件　追加しました。  
[2020-03-09 14:25:58] local.DEBUG: next : 1658796078882276859  
[2020-03-09 14:25:58] local.DEBUG: next job  following  
[2020-03-09 14:25:58] local.DEBUG: destruct  
[2020-03-09 14:25:58] local.DEBUG: 2  
[2020-03-09 14:26:00] local.DEBUG: roop  
[2020-03-09 14:26:00] local.DEBUG: TargetFollowerRoopJob  
[2020-03-09 14:26:00] local.DEBUG: 対象のカーソル：1658796078882276859  
[2020-03-09 14:26:00] local.DEBUG: queu_id : 2  
[2020-03-09 14:26:00] local.DEBUG: ターゲットリストのカウンター : 0  
[2020-03-09 14:26:00] local.DEBUG: ターゲットアカウント名前：しゅんたろー@転職活動エンジニア  
[2020-03-09 14:26:00] local.DEBUG: https://api.twitter.com/1.1/followers/list.json  
[2020-03-09 14:26:00] local.DEBUG: リクエスト前にAPI制限・状態判定を開始します。  
[2020-03-09 14:26:00] local.DEBUG: initDailyCounter  
[2020-03-09 14:26:00] local.DEBUG:   
[2020-03-09 14:26:00] local.DEBUG: 1  
[2020-03-09 14:26:00] local.DEBUG: 2020-03-09 00:00:00  
[2020-03-09 14:26:00] local.DEBUG: 2020/03/08  
[2020-03-09 14:26:00] local.DEBUG: 1  
[2020-03-09 14:26:00] local.DEBUG: haveRestricted  
[2020-03-09 14:26:00] local.DEBUG: checkApi_counter  
[2020-03-09 14:26:00] local.DEBUG: 日付判定確認 : 1  
[2020-03-09 14:26:00] local.DEBUG: accese: 制限判定を通過しました。  
[2020-03-09 14:26:00] local.DEBUG: 1053251462803779584-eo1YvxgskM0zGCuuFT3vIimi5g99qs  
[2020-03-09 14:26:00] local.DEBUG: dzSdCCWxNogd1Zl4FB9Wi9GVh0OeTwil9XuPuYfgeuJx8  
[2020-03-09 14:26:00] local.DEBUG: {"user_id":1228110434135207936,"include_entities":false,"count":"100","skip_status":false,"cursor":1658796078882276859}  
[2020-03-09 14:26:01] local.DEBUG: checkApi  
[2020-03-09 14:26:01] local.DEBUG: followers_list  
[2020-03-09 14:26:01] local.DEBUG: 制限状態：1  
[2020-03-09 14:26:01] local.DEBUG: 使用状態：1  
[2020-03-09 14:26:01] local.DEBUG: 使用キーワード  
[2020-03-09 14:26:01] local.DEBUG: array (
  0 => 
  (object) array(
     'opt' => 'and',
     'txt' => '中心',
  ),
)  
[2020-03-09 14:26:01] local.DEBUG: ターゲットフレンドを 1 件　追加しました。  
[2020-03-09 14:26:01] local.DEBUG: next : 0  
[2020-03-09 14:26:01] local.DEBUG: フォロワーターゲットリスト作成完了  
[2020-03-09 14:26:01] local.DEBUG: VALUE 0  
[2020-03-09 14:26:01] local.DEBUG: VALUE 1  
[2020-03-09 14:26:01] local.DEBUG: フォロー開始  
[2020-03-09 14:26:01] local.DEBUG: destruct  
[2020-03-09 14:26:01] local.DEBUG: 3  
[2020-03-09 14:26:02] local.DEBUG: イベント発行  
[2020-03-09 14:26:02] local.DEBUG: 0  
[2020-03-09 14:26:02] local.DEBUG: イベントリスナー起動：自動フォロー  
[2020-03-09 14:26:02] local.DEBUG: フォロー対象1112253340954443776  
[2020-03-09 14:26:02] local.DEBUG: https://api.twitter.com/1.1/friendships/create.json  
[2020-03-09 14:26:02] local.DEBUG: リクエスト前にAPI制限・状態判定を開始します。  
[2020-03-09 14:26:02] local.DEBUG: initDailyCounter  
[2020-03-09 14:26:02] local.DEBUG: 1  
[2020-03-09 14:26:02] local.DEBUG: 1  
[2020-03-09 14:26:02] local.DEBUG: 2020-03-09 00:00:00  
[2020-03-09 14:26:02] local.DEBUG: 2020/03/08  
[2020-03-09 14:26:02] local.DEBUG: 1  
[2020-03-09 14:26:02] local.DEBUG: coutner 初期化します  
[2020-03-09 14:26:02] local.DEBUG: haveRestricted  
[2020-03-09 14:26:02] local.DEBUG: checkApi_counter  
[2020-03-09 14:26:02] local.DEBUG: 日付判定確認 : 1  
[2020-03-09 14:26:02] local.DEBUG: 2020-03-09 00:00:00  
[2020-03-09 14:26:02] local.DEBUG: 2020-03-09 14:26:02  
[2020-03-09 14:26:02] local.DEBUG: accese: 制限判定を通過しました。  
[2020-03-09 14:26:02] local.DEBUG: 1053251462803779584-eo1YvxgskM0zGCuuFT3vIimi5g99qs  
[2020-03-09 14:26:02] local.DEBUG: dzSdCCWxNogd1Zl4FB9Wi9GVh0OeTwil9XuPuYfgeuJx8  
[2020-03-09 14:26:02] local.DEBUG: {"0":"user_id","user_id":1112253340954443776}  
[2020-03-09 14:26:03] local.DEBUG: checkApi  
[2020-03-09 14:26:03] local.DEBUG: friendships_create  
[2020-03-09 14:26:03] local.DEBUG: 制限状態：1  
[2020-03-09 14:26:03] local.DEBUG: 使用状態：1  
[2020-03-09 14:26:03] local.DEBUG: checkapi ok  
[2020-03-09 14:26:03] local.DEBUG: フォロー数　：　1  
[2020-03-09 14:26:03] local.DEBUG: delay  
[2020-03-09 14:26:03] local.DEBUG: 2020-03-09 14:26:03  
[2020-03-09 14:26:03] local.DEBUG: フォロー開始  
[2020-03-09 14:26:03] local.DEBUG: destruct  
[2020-03-09 14:26:03] local.DEBUG: 4  
[2020-03-09 14:26:04] local.DEBUG: イベント発行  
[2020-03-09 14:26:04] local.DEBUG: 1  
[2020-03-09 14:26:04] local.DEBUG: イベントリスナー起動：自動フォロー  
[2020-03-09 14:26:04] local.DEBUG: フォロー対象1183214470014750721  
[2020-03-09 14:26:04] local.DEBUG: https://api.twitter.com/1.1/friendships/create.json  
[2020-03-09 14:26:04] local.DEBUG: リクエスト前にAPI制限・状態判定を開始します。  
[2020-03-09 14:26:04] local.DEBUG: initDailyCounter  
[2020-03-09 14:26:04] local.DEBUG: 1  
[2020-03-09 14:26:04] local.DEBUG: 1  
[2020-03-09 14:26:04] local.DEBUG: 2020-03-09 00:00:00  
[2020-03-09 14:26:04] local.DEBUG: 2020/03/09  
[2020-03-09 14:26:04] local.DEBUG:   
[2020-03-09 14:26:04] local.DEBUG: haveRestricted  
[2020-03-09 14:26:04] local.DEBUG: checkApi_counter  
[2020-03-09 14:26:04] local.DEBUG: 日付判定確認 : 1  
[2020-03-09 14:26:04] local.DEBUG: 2020-03-09 00:00:00  
[2020-03-09 14:26:04] local.DEBUG: 2020-03-09 14:26:04  
[2020-03-09 14:26:04] local.DEBUG: accese: 制限判定を通過しました。  
[2020-03-09 14:26:04] local.DEBUG: 1053251462803779584-eo1YvxgskM0zGCuuFT3vIimi5g99qs  
[2020-03-09 14:26:04] local.DEBUG: dzSdCCWxNogd1Zl4FB9Wi9GVh0OeTwil9XuPuYfgeuJx8  
[2020-03-09 14:26:04] local.DEBUG: {"0":"user_id","user_id":1183214470014750721}  
[2020-03-09 14:26:05] local.DEBUG: checkApi  
[2020-03-09 14:26:05] local.DEBUG: friendships_create  
[2020-03-09 14:26:05] local.DEBUG: 制限状態：1  
[2020-03-09 14:26:05] local.DEBUG: 使用状態：1  
[2020-03-09 14:26:05] local.DEBUG: checkapi ok  
[2020-03-09 14:26:05] local.DEBUG: フォロー数　：　2  
[2020-03-09 14:26:05] local.DEBUG: delay  
[2020-03-09 14:26:05] local.DEBUG: 2020-03-09 14:26:05  
[2020-03-09 14:26:05] local.DEBUG: フォロー開始  
[2020-03-09 14:26:05] local.DEBUG: destruct  
[2020-03-09 14:26:05] local.DEBUG: 5  
[2020-03-09 14:26:06] local.DEBUG: イベント発行  
[2020-03-09 14:26:06] local.DEBUG: 2  
[2020-03-09 14:26:06] local.DEBUG: イベントリスナー起動：自動フォロー  
[2020-03-09 14:26:06] local.DEBUG: フォロー対象1200334571373334528  
[2020-03-09 14:26:06] local.DEBUG: https://api.twitter.com/1.1/friendships/create.json  
[2020-03-09 14:26:06] local.DEBUG: リクエスト前にAPI制限・状態判定を開始します。  
[2020-03-09 14:26:06] local.DEBUG: initDailyCounter  
[2020-03-09 14:26:06] local.DEBUG: 1  
[2020-03-09 14:26:06] local.DEBUG: 1  
[2020-03-09 14:26:06] local.DEBUG: 2020-03-09 00:00:00  
[2020-03-09 14:26:06] local.DEBUG: 2020/03/09  
[2020-03-09 14:26:06] local.DEBUG:   
[2020-03-09 14:26:06] local.DEBUG: haveRestricted  
[2020-03-09 14:26:06] local.DEBUG: checkApi_counter  
[2020-03-09 14:26:06] local.DEBUG: 日付判定確認 : 1  
[2020-03-09 14:26:06] local.DEBUG: 2020-03-09 00:00:00  
[2020-03-09 14:26:06] local.DEBUG: 2020-03-09 14:26:06  
[2020-03-09 14:26:06] local.DEBUG: accese: 制限判定を通過しました。  
[2020-03-09 14:26:06] local.DEBUG: 1053251462803779584-eo1YvxgskM0zGCuuFT3vIimi5g99qs  
[2020-03-09 14:26:06] local.DEBUG: dzSdCCWxNogd1Zl4FB9Wi9GVh0OeTwil9XuPuYfgeuJx8  
[2020-03-09 14:26:06] local.DEBUG: {"0":"user_id","user_id":1200334571373334528}  
[2020-03-09 14:26:07] local.DEBUG: checkApi  
[2020-03-09 14:26:07] local.DEBUG: friendships_create  
[2020-03-09 14:26:07] local.DEBUG: 制限状態：1  
[2020-03-09 14:26:07] local.DEBUG: 使用状態：1  
[2020-03-09 14:26:07] local.DEBUG: checkapi ok  
[2020-03-09 14:26:07] local.DEBUG: フォロー数　：　3  
[2020-03-09 14:26:07] local.DEBUG: delay  
[2020-03-09 14:26:07] local.DEBUG: 2020-03-09 14:26:07  
[2020-03-09 14:26:07] local.DEBUG: フォロー開始  
[2020-03-09 14:26:07] local.DEBUG: destruct  
[2020-03-09 14:26:07] local.DEBUG: 6  
[2020-03-09 14:26:08] local.DEBUG: イベント発行  
[2020-03-09 14:26:08] local.DEBUG: 3  
[2020-03-09 14:26:08] local.DEBUG: イベントリスナー起動：自動フォロー  
[2020-03-09 14:26:08] local.DEBUG: フォロー対象1208644404589690880  
[2020-03-09 14:26:08] local.DEBUG: https://api.twitter.com/1.1/friendships/create.json  
[2020-03-09 14:26:08] local.DEBUG: リクエスト前にAPI制限・状態判定を開始します。  
[2020-03-09 14:26:08] local.DEBUG: initDailyCounter  
[2020-03-09 14:26:08] local.DEBUG: 1  
[2020-03-09 14:26:08] local.DEBUG: 1  
[2020-03-09 14:26:08] local.DEBUG: 2020-03-09 00:00:00  
[2020-03-09 14:26:08] local.DEBUG: 2020/03/09  
[2020-03-09 14:26:08] local.DEBUG:   
[2020-03-09 14:26:08] local.DEBUG: haveRestricted  
[2020-03-09 14:26:08] local.DEBUG: checkApi_counter  
[2020-03-09 14:26:08] local.DEBUG: 日付判定確認 : 1  
[2020-03-09 14:26:08] local.DEBUG: 2020-03-09 00:00:00  
[2020-03-09 14:26:08] local.DEBUG: 2020-03-09 14:26:08  
[2020-03-09 14:26:08] local.DEBUG: accese: 制限判定を通過しました。  
[2020-03-09 14:26:08] local.DEBUG: 1053251462803779584-eo1YvxgskM0zGCuuFT3vIimi5g99qs  
[2020-03-09 14:26:08] local.DEBUG: dzSdCCWxNogd1Zl4FB9Wi9GVh0OeTwil9XuPuYfgeuJx8  
[2020-03-09 14:26:08] local.DEBUG: {"0":"user_id","user_id":1208644404589690880}  
[2020-03-09 14:26:09] local.DEBUG: checkApi  
[2020-03-09 14:26:09] local.DEBUG: message  
[2020-03-09 14:26:09] local.DEBUG: checkapi error   
[2020-03-09 14:26:09] local.DEBUG: 162  
[2020-03-09 14:26:09] local.DEBUG: You have been blocked from following this account at the request of the user.  
[2020-03-09 14:26:09] local.DEBUG: friendships_create  
[2020-03-09 14:26:09] local.DEBUG: 制限状態：1  
[2020-03-09 14:26:09] local.DEBUG: 使用状態：1  
[2020-03-09 14:26:09] local.DEBUG: checkapi ok  
[2020-03-09 14:26:09] local.DEBUG: api status initialized  
[2020-03-09 14:26:09] local.DEBUG: VALUE 0  
[2020-03-09 14:26:09] local.DEBUG: VALUE 0  
[2020-03-09 14:26:09] local.DEBUG: mail set  
[2020-03-09 14:26:09] local.DEBUG: 自動フォロー完了　job消化  
